<?xml version="1.0" encoding="UTF-8"?>
<!-- Generated by org.testng.reporters.JUnitReportReporter -->
<testsuite skipped="0" hostname="DESKTOP-FCLS8O9" name="com.qa.stepDefinition.FlightClubButtonSmokeTest" tests="1" failures="0" timestamp="2020-05-13T17:58:37 CDT" time="26.957" errors="0">
  <testcase name="I_Land_on_FlightClub_HomePage" time="26.957" classname="com.qa.stepDefinition.FlightClubButtonSmokeTest"/>
</testsuite> <!-- com.qa.stepDefinition.FlightClubButtonSmokeTest -->
