<?xml version="1.0" encoding="UTF-8"?>
<!-- Generated by org.testng.reporters.JUnitReportReporter -->
<testsuite skipped="0" hostname="DESKTOP-FCLS8O9" name="Page_Object_Model.VerifyEdurekaLogin" tests="2" failures="0" timestamp="01 Aug 2019 06:20:03 GMT" time="15.092" errors="0">
  <testcase name="checkValidUser" time="15.088" classname="Page_Object_Model.VerifyEdurekaLogin"/>
  <testcase name="check_myprofile_page" time="0.004" classname="Page_Object_Model.VerifyEdurekaLogin"/>
</testsuite> <!-- Page_Object_Model.VerifyEdurekaLogin -->
