<?xml version="1.0" encoding="UTF-8"?>
<!-- Generated by org.testng.reporters.JUnitReportReporter -->
<testsuite skipped="0" hostname="DESKTOP-FCLS8O9" name="BaseTestNGClass" tests="2" failures="0" timestamp="20 Apr 2019 21:43:01 GMT" time="39.662" errors="0">
  <testcase name="loginAccount" time="19.303" classname="BaseTestNGClass"/>
  <testcase name="loginAccount2" time="20.359" classname="BaseTestNGClass"/>
</testsuite> <!-- BaseTestNGClass -->
