<?xml version="1.0" encoding="UTF-8"?>
<!-- Generated by org.testng.reporters.JUnitReportReporter -->
<testsuite skipped="0" hostname="DESKTOP-FCLS8O9" name="FirstTest" tests="2" failures="0" timestamp="20 Apr 2019 22:42:45 GMT" time="40.038" errors="0">
  <testcase name="loginAccount" time="18.946" classname="FirstTest"/>
  <testcase name="loginAccount2" time="21.092" classname="FirstTest"/>
</testsuite> <!-- FirstTest -->
