<?xml version="1.0" encoding="UTF-8"?>
<!-- Generated by org.testng.reporters.JUnitReportReporter -->
<testsuite skipped="0" hostname="DESKTOP-FCLS8O9" name="Page_Object_Model.CaseStudy1" tests="8" failures="0" timestamp="2019-10-04T23:47:19 CDT" time="24.839" errors="0">
  <testcase name="ValidateSearchBar" time="0.474" classname="Page_Object_Model.CaseStudy1"/>
  <testcase name="ValidateAirJordans" time="3.015" classname="Page_Object_Model.CaseStudy1"/>
  <testcase name="ValidateYeezy" time="3.158" classname="Page_Object_Model.CaseStudy1"/>
  <testcase name="ValidateMoreSneakers" time="3.298" classname="Page_Object_Model.CaseStudy1"/>
  <testcase name="ValidateAdidas" time="3.569" classname="Page_Object_Model.CaseStudy1"/>
  <testcase name="ValidateApparel" time="3.743" classname="Page_Object_Model.CaseStudy1"/>
  <testcase name="ValidateNewReleases" time="3.839" classname="Page_Object_Model.CaseStudy1"/>
  <testcase name="ValidatePriceDrops" time="3.743" classname="Page_Object_Model.CaseStudy1"/>
</testsuite> <!-- Page_Object_Model.CaseStudy1 -->
